app/build/intermediates/manifest_merge_blame_file/release/processReleaseMainManifest/manifest-merger-blame-release-report.txt
1<?xml version="1.0" encoding="utf-8"?>
2<manifest xmlns:android="http://schemas.android.com/apk/res/android"
3    package="com.example.objectscanner"
4    android:versionCode="1"
5    android:versionName="1.0" >
6
7    <uses-sdk
8        android:minSdkVersion="24"
9        android:targetSdkVersion="35" />
10
11    <uses-feature
11-->src\main\AndroidManifest.xml:5:5-7:35
12        android:name="android.hardware.camera"
12-->src\main\AndroidManifest.xml:6:9-47
13        android:required="false" />
13-->src\main\AndroidManifest.xml:7:9-33
14
15    <uses-permission android:name="android.permission.CAMERA" />
15-->src\main\AndroidManifest.xml:9:5-64
15-->src\main\AndroidManifest.xml:9:22-62
16    <uses-permission android:name="android.permission.INTERNET" />
16-->src\main\AndroidManifest.xml:10:5-66
16-->src\main\AndroidManifest.xml:10:22-64
17    <uses-permission android:name="android.permission.READ_MEDIA_IMAGES" />
17-->src\main\AndroidManifest.xml:11:5-76
17-->src\main\AndroidManifest.xml:11:22-73
18    <uses-permission android:name="android.permission.READ_MEDIA_VIDEO" />
18-->src\main\AndroidManifest.xml:12:5-75
18-->src\main\AndroidManifest.xml:12:22-72
19    <uses-permission android:name="android.permission.READ_MEDIA_AUDIO" />
19-->src\main\AndroidManifest.xml:13:5-75
19-->src\main\AndroidManifest.xml:13:22-72
20
21    <!-- For allowlist service -->
22    <uses-permission android:name="android.permission.ACCESS_NETWORK_STATE" />
22-->[com.google.mlkit:vision-internal-vkp:18.2.3] AndroidManifest.xml:7:5-79
22-->[com.google.mlkit:vision-internal-vkp:18.2.3] AndroidManifest.xml:7:22-76
23
24    <permission
24-->[androidx.core:core:1.15.0] AndroidManifest.xml:22:5-24:47
25        android:name="com.example.objectscanner.DYNAMIC_RECEIVER_NOT_EXPORTED_PERMISSION"
25-->[androidx.core:core:1.15.0] AndroidManifest.xml:23:9-81
26        android:protectionLevel="signature" />
26-->[androidx.core:core:1.15.0] AndroidManifest.xml:24:9-44
27
28    <uses-permission android:name="com.example.objectscanner.DYNAMIC_RECEIVER_NOT_EXPORTED_PERMISSION" />
28-->[androidx.core:core:1.15.0] AndroidManifest.xml:26:5-97
28-->[androidx.core:core:1.15.0] AndroidManifest.xml:26:22-94
29
30    <application
30-->src\main\AndroidManifest.xml:15:5-43:19
31        android:allowBackup="true"
31-->src\main\AndroidManifest.xml:16:9-35
32        android:appComponentFactory="androidx.core.app.CoreComponentFactory"
32-->[androidx.core:core:1.15.0] AndroidManifest.xml:28:18-86
33        android:dataExtractionRules="@xml/data_extraction_rules"
33-->src\main\AndroidManifest.xml:17:9-65
34        android:extractNativeLibs="false"
35        android:fullBackupContent="@xml/backup_rules"
35-->src\main\AndroidManifest.xml:18:9-54
36        android:icon="@mipmap/ic_launcher"
36-->src\main\AndroidManifest.xml:19:9-43
37        android:label="@string/app_name"
37-->src\main\AndroidManifest.xml:20:9-41
38        android:networkSecurityConfig="@xml/network_security_config"
38-->src\main\AndroidManifest.xml:25:9-69
39        android:roundIcon="@mipmap/ic_launcher_round"
39-->src\main\AndroidManifest.xml:21:9-54
40        android:supportsRtl="true"
40-->src\main\AndroidManifest.xml:22:9-35
41        android:theme="@style/Theme.Objectscanner"
41-->src\main\AndroidManifest.xml:23:9-51
42        android:usesCleartextTraffic="false" >
42-->src\main\AndroidManifest.xml:24:9-45
43        <activity
43-->src\main\AndroidManifest.xml:28:9-36:20
44            android:name="com.example.objectscanner.MainActivity"
44-->src\main\AndroidManifest.xml:29:13-41
45            android:configChanges="orientation|screenSize|keyboardHidden"
45-->src\main\AndroidManifest.xml:31:13-74
46            android:exported="true" >
46-->src\main\AndroidManifest.xml:30:13-36
47            <intent-filter>
47-->src\main\AndroidManifest.xml:32:13-35:29
48                <action android:name="android.intent.action.MAIN" />
48-->src\main\AndroidManifest.xml:33:17-69
48-->src\main\AndroidManifest.xml:33:25-66
49
50                <category android:name="android.intent.category.LAUNCHER" />
50-->src\main\AndroidManifest.xml:34:17-77
50-->src\main\AndroidManifest.xml:34:27-74
51            </intent-filter>
52        </activity>
53        <activity
53-->src\main\AndroidManifest.xml:38:9-42:20
54            android:name="com.example.objectscanner.RecipeRecommendationActivity"
54-->src\main\AndroidManifest.xml:39:13-57
55            android:configChanges="orientation|screenSize|keyboardHidden" >
55-->src\main\AndroidManifest.xml:40:13-74
56
57            <!-- Additional intent filters or configurations -->
58        </activity>
59
60        <service
60-->[com.google.mlkit:image-labeling-custom:17.0.3] AndroidManifest.xml:8:9-14:19
61            android:name="com.google.mlkit.common.internal.MlKitComponentDiscoveryService"
61-->[com.google.mlkit:image-labeling-custom:17.0.3] AndroidManifest.xml:9:13-91
62            android:directBootAware="true"
62-->[com.google.mlkit:common:18.11.0] AndroidManifest.xml:17:13-43
63            android:exported="false" >
63-->[com.google.mlkit:image-labeling-custom:17.0.3] AndroidManifest.xml:10:13-37
64            <meta-data
64-->[com.google.mlkit:image-labeling-custom:17.0.3] AndroidManifest.xml:11:13-13:85
65                android:name="com.google.firebase.components:com.google.mlkit.vision.label.custom.internal.CustomLabelRegistrar"
65-->[com.google.mlkit:image-labeling-custom:17.0.3] AndroidManifest.xml:12:17-129
66                android:value="com.google.firebase.components.ComponentRegistrar" />
66-->[com.google.mlkit:image-labeling-custom:17.0.3] AndroidManifest.xml:13:17-82
67            <meta-data
67-->[com.google.mlkit:image-labeling:17.0.9] AndroidManifest.xml:11:13-13:85
68                android:name="com.google.firebase.components:com.google.mlkit.vision.label.defaults.internal.BundledLabelRegistrar"
68-->[com.google.mlkit:image-labeling:17.0.9] AndroidManifest.xml:12:17-132
69                android:value="com.google.firebase.components.ComponentRegistrar" />
69-->[com.google.mlkit:image-labeling:17.0.9] AndroidManifest.xml:13:17-82
70            <meta-data
70-->[com.google.mlkit:vision-internal-vkp:18.2.3] AndroidManifest.xml:14:13-16:85
71                android:name="com.google.firebase.components:com.google.mlkit.vision.vkp.VkpRegistrar"
71-->[com.google.mlkit:vision-internal-vkp:18.2.3] AndroidManifest.xml:15:17-103
72                android:value="com.google.firebase.components.ComponentRegistrar" />
72-->[com.google.mlkit:vision-internal-vkp:18.2.3] AndroidManifest.xml:16:17-82
73            <meta-data
73-->[com.google.mlkit:vision-common:17.3.0] AndroidManifest.xml:12:13-14:85
74                android:name="com.google.firebase.components:com.google.mlkit.vision.common.internal.VisionCommonRegistrar"
74-->[com.google.mlkit:vision-common:17.3.0] AndroidManifest.xml:13:17-124
75                android:value="com.google.firebase.components.ComponentRegistrar" />
75-->[com.google.mlkit:vision-common:17.3.0] AndroidManifest.xml:14:17-82
76            <meta-data
76-->[com.google.mlkit:common:18.11.0] AndroidManifest.xml:20:13-22:85
77                android:name="com.google.firebase.components:com.google.mlkit.common.internal.CommonComponentRegistrar"
77-->[com.google.mlkit:common:18.11.0] AndroidManifest.xml:21:17-120
78                android:value="com.google.firebase.components.ComponentRegistrar" />
78-->[com.google.mlkit:common:18.11.0] AndroidManifest.xml:22:17-82
79        </service>
80
81        <provider
81-->[com.google.mlkit:common:18.11.0] AndroidManifest.xml:9:9-13:38
82            android:name="com.google.mlkit.common.internal.MlKitInitProvider"
82-->[com.google.mlkit:common:18.11.0] AndroidManifest.xml:10:13-78
83            android:authorities="com.example.objectscanner.mlkitinitprovider"
83-->[com.google.mlkit:common:18.11.0] AndroidManifest.xml:11:13-69
84            android:exported="false"
84-->[com.google.mlkit:common:18.11.0] AndroidManifest.xml:12:13-37
85            android:initOrder="99" />
85-->[com.google.mlkit:common:18.11.0] AndroidManifest.xml:13:13-35
86
87        <activity
87-->[com.google.android.gms:play-services-base:18.5.0] AndroidManifest.xml:5:9-173
88            android:name="com.google.android.gms.common.api.GoogleApiActivity"
88-->[com.google.android.gms:play-services-base:18.5.0] AndroidManifest.xml:5:19-85
89            android:exported="false"
89-->[com.google.android.gms:play-services-base:18.5.0] AndroidManifest.xml:5:146-170
90            android:theme="@android:style/Theme.Translucent.NoTitleBar" />
90-->[com.google.android.gms:play-services-base:18.5.0] AndroidManifest.xml:5:86-145
91
92        <meta-data
92-->[com.google.android.gms:play-services-basement:18.4.0] AndroidManifest.xml:6:9-122
93            android:name="com.google.android.gms.version"
93-->[com.google.android.gms:play-services-basement:18.4.0] AndroidManifest.xml:6:20-65
94            android:value="@integer/google_play_services_version" />
94-->[com.google.android.gms:play-services-basement:18.4.0] AndroidManifest.xml:6:66-119
95
96        <provider
96-->[androidx.emoji2:emoji2:1.3.0] AndroidManifest.xml:24:9-32:20
97            android:name="androidx.startup.InitializationProvider"
97-->[androidx.emoji2:emoji2:1.3.0] AndroidManifest.xml:25:13-67
98            android:authorities="com.example.objectscanner.androidx-startup"
98-->[androidx.emoji2:emoji2:1.3.0] AndroidManifest.xml:26:13-68
99            android:exported="false" >
99-->[androidx.emoji2:emoji2:1.3.0] AndroidManifest.xml:27:13-37
100            <meta-data
100-->[androidx.emoji2:emoji2:1.3.0] AndroidManifest.xml:29:13-31:52
101                android:name="androidx.emoji2.text.EmojiCompatInitializer"
101-->[androidx.emoji2:emoji2:1.3.0] AndroidManifest.xml:30:17-75
102                android:value="androidx.startup" />
102-->[androidx.emoji2:emoji2:1.3.0] AndroidManifest.xml:31:17-49
103            <meta-data
103-->[androidx.lifecycle:lifecycle-process:2.6.2] AndroidManifest.xml:29:13-31:52
104                android:name="androidx.lifecycle.ProcessLifecycleInitializer"
104-->[androidx.lifecycle:lifecycle-process:2.6.2] AndroidManifest.xml:30:17-78
105                android:value="androidx.startup" />
105-->[androidx.lifecycle:lifecycle-process:2.6.2] AndroidManifest.xml:31:17-49
106            <meta-data
106-->[androidx.profileinstaller:profileinstaller:1.4.0] AndroidManifest.xml:29:13-31:52
107                android:name="androidx.profileinstaller.ProfileInstallerInitializer"
107-->[androidx.profileinstaller:profileinstaller:1.4.0] AndroidManifest.xml:30:17-85
108                android:value="androidx.startup" />
108-->[androidx.profileinstaller:profileinstaller:1.4.0] AndroidManifest.xml:31:17-49
109        </provider>
110
111        <receiver
111-->[androidx.profileinstaller:profileinstaller:1.4.0] AndroidManifest.xml:34:9-52:20
112            android:name="androidx.profileinstaller.ProfileInstallReceiver"
112-->[androidx.profileinstaller:profileinstaller:1.4.0] AndroidManifest.xml:35:13-76
113            android:directBootAware="false"
113-->[androidx.profileinstaller:profileinstaller:1.4.0] AndroidManifest.xml:36:13-44
114            android:enabled="true"
114-->[androidx.profileinstaller:profileinstaller:1.4.0] AndroidManifest.xml:37:13-35
115            android:exported="true"
115-->[androidx.profileinstaller:profileinstaller:1.4.0] AndroidManifest.xml:38:13-36
116            android:permission="android.permission.DUMP" >
116-->[androidx.profileinstaller:profileinstaller:1.4.0] AndroidManifest.xml:39:13-57
117            <intent-filter>
117-->[androidx.profileinstaller:profileinstaller:1.4.0] AndroidManifest.xml:40:13-42:29
118                <action android:name="androidx.profileinstaller.action.INSTALL_PROFILE" />
118-->[androidx.profileinstaller:profileinstaller:1.4.0] AndroidManifest.xml:41:17-91
118-->[androidx.profileinstaller:profileinstaller:1.4.0] AndroidManifest.xml:41:25-88
119            </intent-filter>
120            <intent-filter>
120-->[androidx.profileinstaller:profileinstaller:1.4.0] AndroidManifest.xml:43:13-45:29
121                <action android:name="androidx.profileinstaller.action.SKIP_FILE" />
121-->[androidx.profileinstaller:profileinstaller:1.4.0] AndroidManifest.xml:44:17-85
121-->[androidx.profileinstaller:profileinstaller:1.4.0] AndroidManifest.xml:44:25-82
122            </intent-filter>
123            <intent-filter>
123-->[androidx.profileinstaller:profileinstaller:1.4.0] AndroidManifest.xml:46:13-48:29
124                <action android:name="androidx.profileinstaller.action.SAVE_PROFILE" />
124-->[androidx.profileinstaller:profileinstaller:1.4.0] AndroidManifest.xml:47:17-88
124-->[androidx.profileinstaller:profileinstaller:1.4.0] AndroidManifest.xml:47:25-85
125            </intent-filter>
126            <intent-filter>
126-->[androidx.profileinstaller:profileinstaller:1.4.0] AndroidManifest.xml:49:13-51:29
127                <action android:name="androidx.profileinstaller.action.BENCHMARK_OPERATION" />
127-->[androidx.profileinstaller:profileinstaller:1.4.0] AndroidManifest.xml:50:17-95
127-->[androidx.profileinstaller:profileinstaller:1.4.0] AndroidManifest.xml:50:25-92
128            </intent-filter>
129        </receiver>
130
131        <service
131-->[com.google.android.datatransport:transport-backend-cct:2.3.3] AndroidManifest.xml:29:9-35:19
132            android:name="com.google.android.datatransport.runtime.backends.TransportBackendDiscovery"
132-->[com.google.android.datatransport:transport-backend-cct:2.3.3] AndroidManifest.xml:30:13-103
133            android:exported="false" >
133-->[com.google.android.datatransport:transport-backend-cct:2.3.3] AndroidManifest.xml:31:13-37
134            <meta-data
134-->[com.google.android.datatransport:transport-backend-cct:2.3.3] AndroidManifest.xml:32:13-34:39
135                android:name="backend:com.google.android.datatransport.cct.CctBackendFactory"
135-->[com.google.android.datatransport:transport-backend-cct:2.3.3] AndroidManifest.xml:33:17-94
136                android:value="cct" />
136-->[com.google.android.datatransport:transport-backend-cct:2.3.3] AndroidManifest.xml:34:17-36
137        </service>
138        <service
138-->[com.google.android.datatransport:transport-runtime:2.2.6] AndroidManifest.xml:26:9-30:19
139            android:name="com.google.android.datatransport.runtime.scheduling.jobscheduling.JobInfoSchedulerService"
139-->[com.google.android.datatransport:transport-runtime:2.2.6] AndroidManifest.xml:27:13-117
140            android:exported="false"
140-->[com.google.android.datatransport:transport-runtime:2.2.6] AndroidManifest.xml:28:13-37
141            android:permission="android.permission.BIND_JOB_SERVICE" >
141-->[com.google.android.datatransport:transport-runtime:2.2.6] AndroidManifest.xml:29:13-69
142        </service>
143
144        <receiver
144-->[com.google.android.datatransport:transport-runtime:2.2.6] AndroidManifest.xml:32:9-34:40
145            android:name="com.google.android.datatransport.runtime.scheduling.jobscheduling.AlarmManagerSchedulerBroadcastReceiver"
145-->[com.google.android.datatransport:transport-runtime:2.2.6] AndroidManifest.xml:33:13-132
146            android:exported="false" />
146-->[com.google.android.datatransport:transport-runtime:2.2.6] AndroidManifest.xml:34:13-37
147    </application>
148
149</manifest>